This is XeTeX, Version 3.14159265-2.6-0.999992 (TeX Live 2020/W32TeX) (preloaded format=xelatex 2020.10.11)  12 OCT 2020 16:59
entering extended mode
 restricted \write18 enabled.
 %&-line parsing enabled.
**thesis.tex
(./thesis.tex
LaTeX2e <2020-10-01> patch level 1
L3 programming layer <2020-10-05> xparse <2020-03-03> (./ucthesis-CA2012.cls
Document Class: ucthesis-CA2012 2012/05/08 Revision by Curtis Asplund of 1996/0
6/26 JTW's modification of 1994/10/31 v3.0 University of California Thesis Clas
s
(c:/Users/ebatz/AppData/Roaming/TinyTeX/texmf-dist/tex/latex/base/book.cls
Document Class: book 2020/04/10 v1.4m Standard LaTeX document class
(c:/Users/ebatz/AppData/Roaming/TinyTeX/texmf-dist/tex/latex/base/bk12.clo
File: bk12.clo 2020/04/10 v1.4m Standard LaTeX file (size option)
)
\c@part=\count171
\c@chapter=\count172
\c@section=\count173
\c@subsection=\count174
\c@subsubsection=\count175
\c@paragraph=\count176
\c@subparagraph=\count177
\c@figure=\count178
\c@table=\count179
\abovecaptionskip=\skip47
\belowcaptionskip=\skip48
\bibindent=\dimen138
)) (c:/Users/ebatz/AppData/Roaming/TinyTeX/texmf-dist/tex/latex/subfig/subfig.s
ty
Package: subfig 2005/06/28 ver: 1.3 subfig package

(c:/Users/ebatz/AppData/Roaming/TinyTeX/texmf-dist/tex/latex/graphics/keyval.st
y
Package: keyval 2014/10/28 v1.15 key=value parser (DPC)
\KV@toks@=\toks15
)
(c:/Users/ebatz/AppData/Roaming/TinyTeX/texmf-dist/tex/latex/caption/caption3.s
ty
Package: caption3 2020/09/17 v2.1b caption3 kernel (AR)
\captionmargin=\dimen139
\captionmargin@=\dimen140
\captionwidth=\dimen141
\caption@tempdima=\dimen142
\caption@indent=\dimen143
\caption@parindent=\dimen144
\caption@hangindent=\dimen145
Package caption Info: Standard document class detected.
)
\c@KVtest=\count180
\sf@farskip=\skip49
\sf@captopadj=\dimen146
\sf@capskip=\skip50
\sf@nearskip=\skip51
\c@subfigure=\count181
\c@subfigure@save=\count182
\c@lofdepth=\count183
\c@subtable=\count184
\c@subtable@save=\count185
\c@lotdepth=\count186
\sf@top=\skip52
\sf@bottom=\skip53
)
(c:/Users/ebatz/AppData/Roaming/TinyTeX/texmf-dist/tex/latex/fancyhdr/fancyhdr.
sty
Package: fancyhdr 2019/01/31 v3.10 Extensive control of page headers and footer
s
\f@nch@headwidth=\skip54
\f@nch@O@elh=\skip55
\f@nch@O@erh=\skip56
\f@nch@O@olh=\skip57
\f@nch@O@orh=\skip58
\f@nch@O@elf=\skip59
\f@nch@O@erf=\skip60
\f@nch@O@olf=\skip61
\f@nch@O@orf=\skip62
)
(c:/Users/ebatz/AppData/Roaming/TinyTeX/texmf-dist/tex/latex/amsmath/amsmath.st
y
Package: amsmath 2020/09/23 v2.17i AMS math features
\@mathmargin=\skip63
For additional information on amsmath, use the `?' option.

(c:/Users/ebatz/AppData/Roaming/TinyTeX/texmf-dist/tex/latex/amsmath/amstext.st
y
Package: amstext 2000/06/29 v2.01 AMS text

(c:/Users/ebatz/AppData/Roaming/TinyTeX/texmf-dist/tex/latex/amsmath/amsgen.sty
File: amsgen.sty 1999/11/30 v2.0 generic functions
\@emptytoks=\toks16
\ex@=\dimen147
))
(c:/Users/ebatz/AppData/Roaming/TinyTeX/texmf-dist/tex/latex/amsmath/amsbsy.sty
Package: amsbsy 1999/11/29 v1.2d Bold Symbols
\pmbraise@=\dimen148
)
(c:/Users/ebatz/AppData/Roaming/TinyTeX/texmf-dist/tex/latex/amsmath/amsopn.sty
Package: amsopn 2016/03/08 v2.02 operator names
)
\inf@bad=\count187
LaTeX Info: Redefining \frac on input line 234.
\uproot@=\count188
\leftroot@=\count189
LaTeX Info: Redefining \overline on input line 399.
\classnum@=\count190
\DOTSCASE@=\count191
LaTeX Info: Redefining \ldots on input line 496.
LaTeX Info: Redefining \dots on input line 499.
LaTeX Info: Redefining \cdots on input line 620.
\Mathstrutbox@=\box47
\strutbox@=\box48
\big@size=\dimen149
LaTeX Font Info:    Redeclaring font encoding OML on input line 743.
LaTeX Font Info:    Redeclaring font encoding OMS on input line 744.
\macc@depth=\count192
\c@MaxMatrixCols=\count193
\dotsspace@=\muskip16
\c@parentequation=\count194
\dspbrk@lvl=\count195
\tag@help=\toks17
\row@=\count196
\column@=\count197
\maxfields@=\count198
\andhelp@=\toks18
\eqnshift@=\dimen150
\alignsep@=\dimen151
\tagshift@=\dimen152
\tagwidth@=\dimen153
\totwidth@=\dimen154
\lineht@=\dimen155
\@envbody=\toks19
\multlinegap=\skip64
\multlinetaggap=\skip65
\mathdisplay@stack=\toks20
LaTeX Info: Redefining \[ on input line 2923.
LaTeX Info: Redefining \] on input line 2924.
)
(c:/Users/ebatz/AppData/Roaming/TinyTeX/texmf-dist/tex/latex/amsfonts/amssymb.s
ty
Package: amssymb 2013/01/14 v3.01 AMS font symbols

(c:/Users/ebatz/AppData/Roaming/TinyTeX/texmf-dist/tex/latex/amsfonts/amsfonts.
sty
Package: amsfonts 2013/01/14 v3.01 Basic AMSFonts support
\symAMSa=\mathgroup4
\symAMSb=\mathgroup5
LaTeX Font Info:    Redeclaring math symbol \hbar on input line 98.
LaTeX Font Info:    Overwriting math alphabet `\mathfrak' in version `bold'
(Font)                  U/euf/m/n --> U/euf/b/n on input line 106.
))
(c:/Users/ebatz/AppData/Roaming/TinyTeX/texmf-dist/tex/latex/graphics/graphicx.
sty
Package: graphicx 2020/09/09 v1.2b Enhanced LaTeX Graphics (DPC,SPQR)

(c:/Users/ebatz/AppData/Roaming/TinyTeX/texmf-dist/tex/latex/graphics/graphics.
sty
Package: graphics 2020/08/30 v1.4c Standard LaTeX Graphics (DPC,SPQR)
(c:/Users/ebatz/AppData/Roaming/TinyTeX/texmf-dist/tex/latex/graphics/trig.sty
Package: trig 2016/01/03 v1.10 sin cos tan (DPC)
)
(c:/Users/ebatz/AppData/Roaming/TinyTeX/texmf-dist/tex/latex/graphics-cfg/graph
ics.cfg
File: graphics.cfg 2016/06/04 v1.11 sample graphics configuration
)
Package graphics Info: Driver file: xetex.def on input line 105.

(c:/Users/ebatz/AppData/Roaming/TinyTeX/texmf-dist/tex/latex/graphics-def/xetex
.def
File: xetex.def 2020/08/26 v5.0i Graphics/color driver for xetex
))
\Gin@req@height=\dimen156
\Gin@req@width=\dimen157
) (c:/Users/ebatz/AppData/Roaming/TinyTeX/texmf-dist/tex/latex/tools/xspace.sty
Package: xspace 2014/10/28 v1.13 Space after command names (DPC,MH)
) (c:/Users/ebatz/AppData/Roaming/TinyTeX/texmf-dist/tex/latex/braket/braket.st
y)
(c:/Users/ebatz/AppData/Roaming/TinyTeX/texmf-dist/tex/latex/graphics/color.sty
Package: color 2020/02/24 v1.2b Standard LaTeX Color (DPC)

(c:/Users/ebatz/AppData/Roaming/TinyTeX/texmf-dist/tex/latex/graphics-cfg/color
.cfg
File: color.cfg 2016/01/02 v1.6 sample color configuration
)
Package color Info: Driver file: xetex.def on input line 147.
)
(c:/Users/ebatz/AppData/Roaming/TinyTeX/texmf-dist/tex/latex/setspace/setspace.
sty
Package: setspace 2011/12/19 v6.7a set line spacing
)
(c:/Users/ebatz/AppData/Roaming/TinyTeX/texmf-dist/tex/latex/fancyvrb/fancyvrb.
sty
Package: fancyvrb 2020/05/03 v3.6 verbatim text (tvz,hv)
\FV@CodeLineNo=\count199
\FV@InFile=\read2
\FV@TabBox=\box49
\c@FancyVerbLine=\count266
\FV@StepNumber=\count267
\FV@OutFile=\write3
) (c:/Users/ebatz/AppData/Roaming/TinyTeX/texmf-dist/tex/latex/tools/array.sty
Package: array 2020/10/01 v2.5c Tabular extension package (FMi)
\col@sep=\dimen158
\ar@mcellbox=\box50
\extrarowheight=\dimen159
\NC@list=\toks21
\extratabsurround=\skip66
\backup@length=\skip67
\ar@cellbox=\box51
)
(c:/Users/ebatz/AppData/Roaming/TinyTeX/texmf-dist/tex/generic/iftex/ifxetex.st
y
Package: ifxetex 2019/10/25 v0.7 ifxetex legacy package. Use iftex instead.
(c:/Users/ebatz/AppData/Roaming/TinyTeX/texmf-dist/tex/generic/iftex/iftex.sty
Package: iftex 2020/03/06 v1.0d TeX engine tests
))
(c:/Users/ebatz/AppData/Roaming/TinyTeX/texmf-dist/tex/generic/iftex/ifluatex.s
ty
Package: ifluatex 2019/10/25 v1.5 ifluatex legacy package. Use iftex instead.
)
(c:/Users/ebatz/AppData/Roaming/TinyTeX/texmf-dist/tex/latex/etoolbox/etoolbox.
sty
Package: etoolbox 2020/10/05 v2.5k e-TeX tools for LaTeX (JAW)
\etb@tempcnta=\count268
)
(c:/Users/ebatz/AppData/Roaming/TinyTeX/texmf-dist/tex/latex/caption/caption.st
y
Package: caption 2020/09/12 v3.5b Customizing captions (AR)
\c@caption@flags=\count269
\c@continuedfloat=\count270
)
(c:/Users/ebatz/AppData/Roaming/TinyTeX/texmf-dist/tex/latex/wasysym/wasysym.st
y
Package: wasysym 2020/01/19 v2.4 Wasy-2 symbol support package
\symwasy=\mathgroup6
LaTeX Font Info:    Overwriting symbol font `wasy' in version `bold'
(Font)                  U/wasy/m/n --> U/wasy/b/n on input line 93.
)
(c:/Users/ebatz/AppData/Roaming/TinyTeX/texmf-dist/tex/latex/booktabs/booktabs.
sty
Package: booktabs 2020/01/12 v1.61803398 Publication quality tables
\heavyrulewidth=\dimen160
\lightrulewidth=\dimen161
\cmidrulewidth=\dimen162
\belowrulesep=\dimen163
\belowbottomsep=\dimen164
\aboverulesep=\dimen165
\abovetopsep=\dimen166
\cmidrulesep=\dimen167
\cmidrulekern=\dimen168
\defaultaddspace=\dimen169
\@cmidla=\count271
\@cmidlb=\count272
\@aboverulesep=\dimen170
\@belowrulesep=\dimen171
\@thisruleclass=\count273
\@lastruleclass=\count274
\@thisrulewidth=\dimen172
) (c:/Users/ebatz/AppData/Roaming/TinyTeX/texmf-dist/tex/latex/xcolor/xcolor.st
y
Package: xcolor 2016/05/11 v2.12 LaTeX color extensions (UK)

(c:/Users/ebatz/AppData/Roaming/TinyTeX/texmf-dist/tex/latex/graphics-cfg/color
.cfg
File: color.cfg 2016/01/02 v1.6 sample color configuration
)
Package xcolor Info: Driver file: xetex.def on input line 225.
LaTeX Info: Redefining \color on input line 709.
Package xcolor Info: Model `cmy' substituted by `cmy0' on input line 1348.
Package xcolor Info: Model `RGB' extended on input line 1364.
Package xcolor Info: Model `HTML' substituted by `rgb' on input line 1366.
Package xcolor Info: Model `Hsb' substituted by `hsb' on input line 1367.
Package xcolor Info: Model `tHsb' substituted by `hsb' on input line 1368.
Package xcolor Info: Model `HSB' substituted by `hsb' on input line 1369.
Package xcolor Info: Model `Gray' substituted by `gray' on input line 1370.
Package xcolor Info: Model `wave' substituted by `hsb' on input line 1371.
) (c:/Users/ebatz/AppData/Roaming/TinyTeX/texmf-dist/tex/latex/tabu/tabu.sty
Package: tabu 2019/01/11 v2.9 - flexible LaTeX tabulars (FC+tabu-fixed)

(c:/Users/ebatz/AppData/Roaming/TinyTeX/texmf-dist/tex/latex/varwidth/varwidth.
sty
Package: varwidth 2009/03/30 ver 0.92;  Variable-width minipages
\@vwid@box=\box52
\sift@deathcycles=\count275
\@vwid@loff=\dimen173
\@vwid@roff=\dimen174
)
\c@taburow=\count276
\tabu@nbcols=\count277
\tabu@cnt=\count278
\tabu@Xcol=\count279
\tabu@alloc=\count280
\tabu@nested=\count281
\tabu@target=\dimen175
\tabu@spreadtarget=\dimen176
\tabu@naturalX=\dimen177
\tabucolX=\dimen178
\tabu@Xsum=\dimen179
\extrarowdepth=\dimen180
\abovetabulinesep=\dimen181
\belowtabulinesep=\dimen182
\tabustrutrule=\dimen183
\tabu@thebody=\toks22
\tabu@footnotes=\toks23
\tabu@box=\box53
\tabu@arstrutbox=\box54
\tabu@hleads=\box55
\tabu@vleads=\box56
\tabu@cellskip=\skip68
)
(c:/Users/ebatz/AppData/Roaming/TinyTeX/texmf-dist/tex/latex/tools/tabularx.sty
Package: tabularx 2020/01/15 v2.11c `tabularx' package (DPC)
\TX@col@width=\dimen184
\TX@old@table=\dimen185
\TX@old@col=\dimen186
\TX@target=\dimen187
\TX@delta=\dimen188
\TX@cols=\count282
\TX@ftn=\toks24
)
(c:/Users/ebatz/AppData/Roaming/TinyTeX/texmf-dist/tex/latex/graphics/lscape.st
y
Package: lscape 2020/05/28 v3.02 Landscape Pages (DPC)
)
(c:/Users/ebatz/AppData/Roaming/TinyTeX/texmf-dist/tex/latex/tools/longtable.st
y
Package: longtable 2020/01/07 v4.13 Multi-page Table package (DPC)
\LTleft=\skip69
\LTright=\skip70
\LTpre=\skip71
\LTpost=\skip72
\LTchunksize=\count283
\LTcapwidth=\dimen189
\LT@head=\box57
\LT@firsthead=\box58
\LT@foot=\box59
\LT@lastfoot=\box60
\LT@cols=\count284
\LT@rows=\count285
\c@LT@tables=\count286
\c@LT@chunks=\count287
\LT@p@ftn=\toks25
)
(c:/Users/ebatz/AppData/Roaming/TinyTeX/texmf-dist/tex/latex/titlesec/titlesec.
sty
Package: titlesec 2019/10/16 v2.13 Sectioning titles
\ttl@box=\box61
\beforetitleunit=\skip73
\aftertitleunit=\skip74
\ttl@plus=\dimen190
\ttl@minus=\dimen191
\ttl@toksa=\toks26
\titlewidth=\dimen192
\titlewidthlast=\dimen193
\titlewidthfirst=\dimen194
)
(c:/Users/ebatz/AppData/Roaming/TinyTeX/texmf-dist/tex/latex/draftwatermark/dra
ftwatermark.sty
Package: draftwatermark 2020/06/29 2.2 Put a gray textual watermark on document
 pages

(c:/Users/ebatz/AppData/Roaming/TinyTeX/texmf-dist/tex/latex/kvoptions/kvoption
s.sty
Package: kvoptions 2020-10-07 v3.14 Key value format for package options (HO)

(c:/Users/ebatz/AppData/Roaming/TinyTeX/texmf-dist/tex/generic/ltxcmds/ltxcmds.
sty
Package: ltxcmds 2020-05-10 v1.25 LaTeX kernel commands for general use (HO)
)
(c:/Users/ebatz/AppData/Roaming/TinyTeX/texmf-dist/tex/generic/kvsetkeys/kvsetk
eys.sty
Package: kvsetkeys 2019/12/15 v1.18 Key value parser (HO)
))
(c:/Users/ebatz/AppData/Roaming/TinyTeX/texmf-dist/tex/latex/everypage/everypag
e.sty
Package: everypage 2007/06/20 1.1 Hooks to run on every page
))
\c@theorem=\count288
\bibdata{references}
No file thesis.bbl.
\cslhangindent=\skip75

(c:/Users/ebatz/AppData/Roaming/TinyTeX/texmf-dist/tex/latex/fontspec/fontspec.
sty
(c:/Users/ebatz/AppData/Roaming/TinyTeX/texmf-dist/tex/latex/l3packages/xparse/
xparse.sty
(c:/Users/ebatz/AppData/Roaming/TinyTeX/texmf-dist/tex/latex/l3kernel/expl3.sty
Package: expl3 2020-10-05 L3 programming layer (loader) 

(c:/Users/ebatz/AppData/Roaming/TinyTeX/texmf-dist/tex/latex/l3backend/l3backen
d-xetex.def
File: l3backend-xetex.def 2020-09-24 L3 backend support: XeTeX
\g__graphics_track_int=\count289
\l__pdf_internal_box=\box62
\g__pdf_backend_object_int=\count290
\g__pdf_backend_annotation_int=\count291
))
Package: xparse 2020-10-05 L3 Experimental document command parser

(c:/Users/ebatz/AppData/Roaming/TinyTeX/texmf-dist/tex/latex/l3packages/xparse/
xparse-generic.tex))
Package: fontspec 2020/02/21 v2.7i Font selection for XeLaTeX and LuaLaTeX

(c:/Users/ebatz/AppData/Roaming/TinyTeX/texmf-dist/tex/latex/fontspec/fontspec-
xetex.sty
Package: fontspec-xetex 2020/02/21 v2.7i Font selection for XeLaTeX and LuaLaTe
X
\l__fontspec_script_int=\count292
\l__fontspec_language_int=\count293
\l__fontspec_strnum_int=\count294
\l__fontspec_tmp_int=\count295
\l__fontspec_tmpa_int=\count296
\l__fontspec_tmpb_int=\count297
\l__fontspec_tmpc_int=\count298
\l__fontspec_em_int=\count299
\l__fontspec_emdef_int=\count300
\l__fontspec_strong_int=\count301
\l__fontspec_strongdef_int=\count302
\l__fontspec_tmpa_dim=\dimen195
\l__fontspec_tmpb_dim=\dimen196
\l__fontspec_tmpc_dim=\dimen197
(c:/Users/ebatz/AppData/Roaming/TinyTeX/texmf-dist/tex/latex/base/fontenc.sty
Package: fontenc 2020/08/10 v2.0s Standard LaTeX package
)
(c:/Users/ebatz/AppData/Roaming/TinyTeX/texmf-dist/tex/latex/fontspec/fontspec.
cfg)))
(c:/Users/ebatz/AppData/Roaming/TinyTeX/texmf-dist/tex/xelatex/xltxtra/xltxtra.
sty
Package: xltxtra 2018/12/31 v0.7 Improvements for the "XeLaTeX" format

(c:/Users/ebatz/AppData/Roaming/TinyTeX/texmf-dist/tex/latex/realscripts/realsc
ripts.sty
Package: realscripts 2016/02/13 v0.3d Access OpenType subscripts and superscrip
ts
\subsupersep=\dimen198
)
(c:/Users/ebatz/AppData/Roaming/TinyTeX/texmf-dist/tex/latex/metalogo/metalogo.
sty
Package: metalogo 2010/05/29 v0.12 Extended TeX logo macros
\xl@everylogo=\toks27
\xl@@everylogo=\toks28
LaTeX Info: Redefining \TeX on input line 193.
LaTeX Info: Redefining \LaTeX on input line 202.
LaTeX Info: Redefining \LaTeXe on input line 219.
)
\l__xetex_show_hyphens_wrapping_box=\box63
\l__xetex_show_hyphens_temp_box=\box64
\l__xetex_show_hyphens_final_box=\box65
\g__xetex_show_hyphens_word_box=\box66
)
(c:/Users/ebatz/AppData/Roaming/TinyTeX/texmf-dist/tex/xelatex/xunicode/xunicod
e.sty
File: xunicode.sty 2011/09/09 v0.981 provides access to latin accents and many 
other characters in Unicode lower plane
(c:/Users/ebatz/AppData/Roaming/TinyTeX/texmf-dist/tex/latex/tipa/t3enc.def
File: t3enc.def 2001/12/31 T3 encoding
)
\tipaTiiicode=\count303
\tipasavetokens=\toks29
\tipachecktokens=\toks30
)
(c:/Users/ebatz/AppData/Roaming/TinyTeX/texmf-dist/tex/latex/hyperref/hyperref.
sty
Package: hyperref 2020-05-15 v7.00e Hypertext links for LaTeX

(c:/Users/ebatz/AppData/Roaming/TinyTeX/texmf-dist/tex/generic/pdftexcmds/pdfte
xcmds.sty
Package: pdftexcmds 2020-06-27 v0.33 Utility functions of pdfTeX for LuaTeX (HO
)

(c:/Users/ebatz/AppData/Roaming/TinyTeX/texmf-dist/tex/generic/infwarerr/infwar
err.sty
Package: infwarerr 2019/12/03 v1.5 Providing info/warning/error messages (HO)
)
Package pdftexcmds Info: \pdf@primitive is available.
Package pdftexcmds Info: \pdf@ifprimitive is available.
Package pdftexcmds Info: \pdfdraftmode not found.
)
(c:/Users/ebatz/AppData/Roaming/TinyTeX/texmf-dist/tex/generic/kvdefinekeys/kvd
efinekeys.sty
Package: kvdefinekeys 2019-12-19 v1.6 Define keys (HO)
)
(c:/Users/ebatz/AppData/Roaming/TinyTeX/texmf-dist/tex/generic/pdfescape/pdfesc
ape.sty
Package: pdfescape 2019/12/09 v1.15 Implements pdfTeX's escape features (HO)
)
(c:/Users/ebatz/AppData/Roaming/TinyTeX/texmf-dist/tex/latex/hycolor/hycolor.st
y
Package: hycolor 2020-01-27 v1.10 Color options for hyperref/bookmark (HO)
)
(c:/Users/ebatz/AppData/Roaming/TinyTeX/texmf-dist/tex/latex/letltxmacro/letltx
macro.sty
Package: letltxmacro 2019/12/03 v1.6 Let assignment for LaTeX macros (HO)
)
(c:/Users/ebatz/AppData/Roaming/TinyTeX/texmf-dist/tex/latex/auxhook/auxhook.st
y
Package: auxhook 2019-12-17 v1.6 Hooks for auxiliary files (HO)
)
\@linkdim=\dimen199
\Hy@linkcounter=\count304
\Hy@pagecounter=\count305

(c:/Users/ebatz/AppData/Roaming/TinyTeX/texmf-dist/tex/latex/hyperref/pd1enc.de
f
File: pd1enc.def 2020-05-15 v7.00e Hyperref: PDFDocEncoding definition (HO)
)
(c:/Users/ebatz/AppData/Roaming/TinyTeX/texmf-dist/tex/generic/intcalc/intcalc.
sty
Package: intcalc 2019/12/15 v1.3 Expandable calculations with integers (HO)
)
(c:/Users/ebatz/AppData/Roaming/TinyTeX/texmf-dist/tex/generic/etexcmds/etexcmd
s.sty
Package: etexcmds 2019/12/15 v1.7 Avoid name clashes with e-TeX commands (HO)
)
\Hy@SavedSpaceFactor=\count306
Package hyperref Info: Option `final' set `true' on input line 4338.
Package hyperref Info: Option `setpagesize' set `false' on input line 4338.
Package hyperref Info: Option `unicode' set `false' on input line 4338.
Package hyperref Info: Option `colorlinks' set `true' on input line 4338.
Package hyperref Info: Hyper figures OFF on input line 4464.
Package hyperref Info: Link nesting OFF on input line 4469.
Package hyperref Info: Hyper index ON on input line 4472.
Package hyperref Info: Plain pages OFF on input line 4479.
Package hyperref Info: Backreferencing OFF on input line 4484.
Package hyperref Info: Implicit mode ON; LaTeX internals redefined.
Package hyperref Info: Bookmarks ON on input line 4717.
\c@Hy@tempcnt=\count307
(c:/Users/ebatz/AppData/Roaming/TinyTeX/texmf-dist/tex/latex/url/url.sty
\Urlmuskip=\muskip17
Package: url 2013/09/16  ver 3.4  Verb mode for urls, etc.
)
LaTeX Info: Redefining \url on input line 5076.
\XeTeXLinkMargin=\dimen256

(c:/Users/ebatz/AppData/Roaming/TinyTeX/texmf-dist/tex/generic/bitset/bitset.st
y
Package: bitset 2019/12/09 v1.3 Handle bit-vector datatype (HO)

(c:/Users/ebatz/AppData/Roaming/TinyTeX/texmf-dist/tex/generic/bigintcalc/bigin
tcalc.sty
Package: bigintcalc 2019/12/15 v1.5 Expandable calculations on big integers (HO
)
))
\Fld@menulength=\count308
\Field@Width=\dimen257
\Fld@charsize=\dimen258
Package hyperref Info: Hyper figures OFF on input line 6347.
Package hyperref Info: Link nesting OFF on input line 6352.
Package hyperref Info: Hyper index ON on input line 6355.
Package hyperref Info: backreferencing OFF on input line 6362.
Package hyperref Info: Link coloring ON on input line 6365.
Package hyperref Info: Link coloring with OCG OFF on input line 6372.
Package hyperref Info: PDF/A mode OFF on input line 6377.
LaTeX Info: Redefining \ref on input line 6417.
LaTeX Info: Redefining \pageref on input line 6421.

(c:/Users/ebatz/AppData/Roaming/TinyTeX/texmf-dist/tex/latex/base/atbegshi-ltx.
sty
Package: atbegshi-ltx 2020/08/17 v1.0a Emulation of the original atbegshi packa
ge
with kernel methods
)
\Hy@abspage=\count309
\c@Item=\count310
\c@Hfootnote=\count311
)
Package hyperref Info: Driver: hxetex.

(c:/Users/ebatz/AppData/Roaming/TinyTeX/texmf-dist/tex/latex/hyperref/hxetex.de
f
File: hxetex.def 2020-05-15 v7.00e Hyperref driver for XeTeX

(c:/Users/ebatz/AppData/Roaming/TinyTeX/texmf-dist/tex/latex/hyperref/puenc.def
File: puenc.def 2020-05-15 v7.00e Hyperref: PDF Unicode definition (HO)
)
(c:/Users/ebatz/AppData/Roaming/TinyTeX/texmf-dist/tex/generic/stringenc/string
enc.sty
Package: stringenc 2019/11/29 v1.12 Convert strings between diff. encodings (HO
)
)
\pdfm@box=\box67
\c@Hy@AnnotLevel=\count312
\HyField@AnnotCount=\count313
\Fld@listcount=\count314
\c@bookmark@seq@number=\count315

(c:/Users/ebatz/AppData/Roaming/TinyTeX/texmf-dist/tex/latex/rerunfilecheck/rer
unfilecheck.sty
Package: rerunfilecheck 2019/12/05 v1.9 Rerun checks for auxiliary files (HO)

(c:/Users/ebatz/AppData/Roaming/TinyTeX/texmf-dist/tex/latex/base/atveryend-ltx
.sty
Package: atveryend-ltx 2020/08/19 v1.0a Emulation of the original atvery packag
e
with kernel methods
)
(c:/Users/ebatz/AppData/Roaming/TinyTeX/texmf-dist/tex/generic/uniquecounter/un
iquecounter.sty
Package: uniquecounter 2019/12/15 v1.4 Provide unlimited unique counter (HO)
)
Package uniquecounter Info: New unique counter `rerunfilecheck' on input line 2
86.
)
\Hy@SectionHShift=\skip76
)
Package hyperref Info: Option `breaklinks' set `true' on input line 106.

LaTeX Warning: Unused global option(s):
    [12pt].

(./thesis.aux

LaTeX Warning: Label `abstract' multiply defined.


LaTeX Warning: Label `introduction' multiply defined.


LaTeX Warning: Label `methods' multiply defined.


LaTeX Warning: Label `results' multiply defined.


LaTeX Warning: Label `discussion' multiply defined.


LaTeX Warning: Label `abstract' multiply defined.


LaTeX Warning: Label `introduction' multiply defined.


LaTeX Warning: Label `methods' multiply defined.


LaTeX Warning: Label `results' multiply defined.


LaTeX Warning: Label `discussion' multiply defined.

)
\openout1 = `thesis.aux'.

LaTeX Font Info:    Checking defaults for OML/cmm/m/it on input line 117.
LaTeX Font Info:    ... okay on input line 117.
LaTeX Font Info:    Checking defaults for OMS/cmsy/m/n on input line 117.
LaTeX Font Info:    ... okay on input line 117.
LaTeX Font Info:    Checking defaults for OT1/cmr/m/n on input line 117.
LaTeX Font Info:    ... okay on input line 117.
LaTeX Font Info:    Checking defaults for T1/cmr/m/n on input line 117.
LaTeX Font Info:    ... okay on input line 117.
LaTeX Font Info:    Checking defaults for TS1/cmr/m/n on input line 117.
LaTeX Font Info:    Trying to load font information for TS1+cmr on input line 1
17.
(c:/Users/ebatz/AppData/Roaming/TinyTeX/texmf-dist/tex/latex/base/ts1cmr.fd
File: ts1cmr.fd 2019/12/16 v2.5j Standard LaTeX font definitions
)
LaTeX Font Info:    ... okay on input line 117.
LaTeX Font Info:    Checking defaults for TU/lmr/m/n on input line 117.
LaTeX Font Info:    ... okay on input line 117.
LaTeX Font Info:    Checking defaults for OMX/cmex/m/n on input line 117.
LaTeX Font Info:    ... okay on input line 117.
LaTeX Font Info:    Checking defaults for U/cmr/m/n on input line 117.
LaTeX Font Info:    ... okay on input line 117.
LaTeX Font Info:    Checking defaults for T3/cmr/m/n on input line 117.
LaTeX Font Info:    Trying to load font information for T3+cmr on input line 11
7.
(c:/Users/ebatz/AppData/Roaming/TinyTeX/texmf-dist/tex/latex/tipa/t3cmr.fd
File: t3cmr.fd 2001/12/31 TIPA font definitions
)
LaTeX Font Info:    ... okay on input line 117.
LaTeX Font Info:    Checking defaults for PD1/pdf/m/n on input line 117.
LaTeX Font Info:    ... okay on input line 117.
LaTeX Font Info:    Checking defaults for PU/pdf/m/n on input line 117.
LaTeX Font Info:    ... okay on input line 117.
Package caption Info: Begin \AtBeginDocument code.
Package caption Info: subfig package v1.3 is loaded.
Package caption Info: hyperref package is loaded.
Package caption Info: longtable package is loaded.

(c:/Users/ebatz/AppData/Roaming/TinyTeX/texmf-dist/tex/latex/caption/ltcaption.
sty
Package: ltcaption 2020/05/30 v1.4b longtable captions (AR)
)
Package caption Info: End \AtBeginDocument code.

Package fontspec Info: Adjusting the maths setup (use [no-math] to avoid
(fontspec)             this).

\symlegacymaths=\mathgroup7
LaTeX Font Info:    Overwriting symbol font `legacymaths' in version `bold'
(Font)                  OT1/cmr/m/n --> OT1/cmr/bx/n on input line 117.
LaTeX Font Info:    Redeclaring math accent \acute on input line 117.
LaTeX Font Info:    Redeclaring math accent \grave on input line 117.
LaTeX Font Info:    Redeclaring math accent \ddot on input line 117.
LaTeX Font Info:    Redeclaring math accent \tilde on input line 117.
LaTeX Font Info:    Redeclaring math accent \bar on input line 117.
LaTeX Font Info:    Redeclaring math accent \breve on input line 117.
LaTeX Font Info:    Redeclaring math accent \check on input line 117.
LaTeX Font Info:    Redeclaring math accent \hat on input line 117.
LaTeX Font Info:    Redeclaring math accent \dot on input line 117.
LaTeX Font Info:    Redeclaring math accent \mathring on input line 117.
LaTeX Font Info:    Redeclaring math symbol \Gamma on input line 117.
LaTeX Font Info:    Redeclaring math symbol \Delta on input line 117.
LaTeX Font Info:    Redeclaring math symbol \Theta on input line 117.
LaTeX Font Info:    Redeclaring math symbol \Lambda on input line 117.
LaTeX Font Info:    Redeclaring math symbol \Xi on input line 117.
LaTeX Font Info:    Redeclaring math symbol \Pi on input line 117.
LaTeX Font Info:    Redeclaring math symbol \Sigma on input line 117.
LaTeX Font Info:    Redeclaring math symbol \Upsilon on input line 117.
LaTeX Font Info:    Redeclaring math symbol \Phi on input line 117.
LaTeX Font Info:    Redeclaring math symbol \Psi on input line 117.
LaTeX Font Info:    Redeclaring math symbol \Omega on input line 117.
LaTeX Font Info:    Redeclaring math symbol \mathdollar on input line 117.
LaTeX Font Info:    Redeclaring symbol font `operators' on input line 117.
LaTeX Font Info:    Encoding `OT1' has changed to `TU' for symbol font
(Font)              `operators' in the math version `normal' on input line 117.

LaTeX Font Info:    Overwriting symbol font `operators' in version `normal'
(Font)                  OT1/cmr/m/n --> TU/lmr/m/n on input line 117.
LaTeX Font Info:    Encoding `OT1' has changed to `TU' for symbol font
(Font)              `operators' in the math version `bold' on input line 117.
LaTeX Font Info:    Overwriting symbol font `operators' in version `bold'
(Font)                  OT1/cmr/bx/n --> TU/lmr/m/n on input line 117.
LaTeX Font Info:    Overwriting symbol font `operators' in version `normal'
(Font)                  TU/lmr/m/n --> TU/lmr/m/n on input line 117.
LaTeX Font Info:    Overwriting math alphabet `\mathit' in version `normal'
(Font)                  OT1/cmr/m/it --> TU/lmr/m/it on input line 117.
LaTeX Font Info:    Overwriting math alphabet `\mathbf' in version `normal'
(Font)                  OT1/cmr/bx/n --> TU/lmr/b/n on input line 117.
LaTeX Font Info:    Overwriting math alphabet `\mathsf' in version `normal'
(Font)                  OT1/cmss/m/n --> TU/lmss/m/n on input line 117.
LaTeX Font Info:    Overwriting math alphabet `\mathtt' in version `normal'
(Font)                  OT1/cmtt/m/n --> TU/lmtt/m/n on input line 117.
LaTeX Font Info:    Overwriting symbol font `operators' in version `bold'
(Font)                  TU/lmr/m/n --> TU/lmr/b/n on input line 117.
LaTeX Font Info:    Overwriting math alphabet `\mathit' in version `bold'
(Font)                  OT1/cmr/bx/it --> TU/lmr/b/it on input line 117.
LaTeX Font Info:    Overwriting math alphabet `\mathsf' in version `bold'
(Font)                  OT1/cmss/bx/n --> TU/lmss/b/n on input line 117.
LaTeX Font Info:    Overwriting math alphabet `\mathtt' in version `bold'
(Font)                  OT1/cmtt/m/n --> TU/lmtt/b/n on input line 117.
Package hyperref Info: Link coloring ON on input line 117.

(c:/Users/ebatz/AppData/Roaming/TinyTeX/texmf-dist/tex/latex/hyperref/nameref.s
ty
Package: nameref 2019/09/16 v2.46 Cross-referencing by name of section

(c:/Users/ebatz/AppData/Roaming/TinyTeX/texmf-dist/tex/latex/refcount/refcount.
sty
Package: refcount 2019/12/15 v3.6 Data extraction from label references (HO)
)
(c:/Users/ebatz/AppData/Roaming/TinyTeX/texmf-dist/tex/generic/gettitlestring/g
ettitlestring.sty
Package: gettitlestring 2019/12/15 v1.6 Cleanup title references (HO)
)
\c@section@level=\count316
)
LaTeX Info: Redefining \ref on input line 117.
LaTeX Info: Redefining \pageref on input line 117.
LaTeX Info: Redefining \nameref on input line 117.
(./thesis.out) (./thesis.out)
\@outlinefile=\write4
\openout4 = `thesis.out'.

LaTeX Font Info:    Trying to load font information for U+msa on input line 141
.
(c:/Users/ebatz/AppData/Roaming/TinyTeX/texmf-dist/tex/latex/amsfonts/umsa.fd
File: umsa.fd 2013/01/14 v3.01 AMS symbols A
)
LaTeX Font Info:    Trying to load font information for U+msb on input line 141
.
(c:/Users/ebatz/AppData/Roaming/TinyTeX/texmf-dist/tex/latex/amsfonts/umsb.fd
File: umsb.fd 2013/01/14 v3.01 AMS symbols B
)
LaTeX Font Info:    Trying to load font information for U+wasy on input line 14
1.
(c:/Users/ebatz/AppData/Roaming/TinyTeX/texmf-dist/tex/latex/wasysym/uwasy.fd
File: uwasy.fd 2020/01/19 v2.4 Wasy-2 symbol font definitions
)

LaTeX Warning: Command \nobreakspace invalid in math mode on input line 141.


LaTeX Warning: Command \nobreakspace invalid in math mode on input line 141.


LaTeX Warning: Command \nobreakspace invalid in math mode on input line 141.


LaTeX Warning: Command \nobreakspace invalid in math mode on input line 141.


LaTeX Warning: Command \nobreakspace invalid in math mode on input line 141.


LaTeX Warning: Command \nobreakspace invalid in math mode on input line 141.


LaTeX Warning: Command \nobreakspace invalid in math mode on input line 141.


LaTeX Warning: Command \nobreakspace invalid in math mode on input line 141.


LaTeX Warning: Command \nobreakspace invalid in math mode on input line 141.


LaTeX Warning: Command \nobreakspace invalid in math mode on input line 141.


LaTeX Warning: Command \nobreakspace invalid in math mode on input line 141.


LaTeX Warning: Command \nobreakspace invalid in math mode on input line 141.


(c:/Users/ebatz/AppData/Roaming/TinyTeX/texmf-dist/tex/generic/stringenc/se-asc
ii-print.def
File: se-ascii-print.def 2019/11/29 v1.12 stringenc: Printable ASCII characters

) [1

] [2

] [3] [4

]
Underfull \vbox (badness 4608) has occurred while \output is active []

[5] [6] (./thesis.toc [7

])
\tf@toc=\write5
\openout5 = `thesis.toc'.

[8] (./thesis.lot [9

]
Overfull \hbox (2.18622pt too wide) in paragraph at lines 18--18
 [][] [][][]\TU/lmr/m/n/12 Summary of identified species, functional group, ori
gin (native/introduced) 
 []


Overfull \hbox (2.18622pt too wide) in paragraph at lines 19--19
 [][] [][][]\TU/lmr/m/n/12 Summary of identified species, functional group, ori
gin (native/introduced) 
 []

)
\tf@lot=\write6
\openout6 = `thesis.lot'.


Underfull \vbox (badness 1052) has occurred while \output is active []

[10] [11] (./thesis.lof
Underfull \vbox (badness 10000) has occurred while \output is active []

[12

]
Underfull \vbox (badness 4899) has occurred while \output is active []

[13]
Underfull \vbox (badness 10000) has occurred while \output is active []

[14]
Underfull \vbox (badness 10000) has occurred while \output is active []

[15])
\tf@lof=\write7
\openout7 = `thesis.lof'.

[16] [17]
Chapter 1.
[1


] [2]
Overfull \hbox (0.38054pt too wide) in paragraph at lines 304--315
\TU/lmr/m/n/12 Human alterations of the earth’s biogeochemical cycles have prod
uced widespread changes
 []

[3]
Underfull \vbox (badness 10000) has occurred while \output is active []

[4]
Underfull \vbox (badness 10000) has occurred while \output is active []

[5]
Underfull \vbox (badness 10000) has occurred while \output is active []

[6] [7] [8] [9]
File: figure/Fig1_1.png Graphic file (type bmp)
<figure/Fig1_1.png>

Underfull \hbox (badness 10000) in paragraph at lines 366--373

 []


Underfull \vbox (badness 10000) has occurred while \output is active []

[10] [11] [12] [13] [14] [15]
File: figure/Fig1_2.png Graphic file (type bmp)
<figure/Fig1_2.png>

Underfull \hbox (badness 10000) in paragraph at lines 466--473

 []

[16] [17]
File: figure/Fig1_3.png Graphic file (type bmp)
<figure/Fig1_3.png>

Underfull \hbox (badness 10000) in paragraph at lines 476--507

 []

File: figure/Fig1_4.png Graphic file (type bmp)
<figure/Fig1_4.png>

Underfull \hbox (badness 10000) in paragraph at lines 510--532

 []

[18]
Underfull \vbox (badness 10000) has occurred while \output is active []

[19]
File: figure/Fig1_5.png Graphic file (type bmp)
<figure/Fig1_5.png>
[20] [21] [22] [23]
Underfull \vbox (badness 10000) has occurred while \output is active []

[24]
Underfull \vbox (badness 10000) has occurred while \output is active []

[25]
Underfull \vbox (badness 4608) has occurred while \output is active []

[26] [27] [28]
Chapter 2.
[29

] [30]
Underfull \vbox (badness 4608) has occurred while \output is active []

[31] [32] [33]
File: figure/Fig2_1.png Graphic file (type bmp)
<figure/Fig2_1.png>

Underfull \vbox (badness 4608) has occurred while \output is active []

[34] [35] [36] [37]
Underfull \vbox (badness 4608) has occurred while \output is active []

[38]
File: figure/Fig2_2.png Graphic file (type bmp)
<figure/Fig2_2.png>
[39]
File: figure/Fig2_3.png Graphic file (type bmp)
<figure/Fig2_3.png>

Underfull \vbox (badness 10000) has occurred while \output is active []

[40] [41]
File: figure/Fig2_4.png Graphic file (type bmp)
<figure/Fig2_4.png>
[42]
File: figure/Fig2_5.png Graphic file (type bmp)
<figure/Fig2_5.png>
File: figure/Fig2_6.png Graphic file (type bmp)
<figure/Fig2_6.png>

Underfull \vbox (badness 3568) has occurred while \output is active []

[43] [44] [45] [46]
Missing character: There is no ≤ in font [lmroman12-regular]:mapping=tex-text;!
[47] [48]
Missing character: There is no β in font [lmroman12-regular]:mapping=tex-text;!

Underfull \vbox (badness 4608) has occurred while \output is active []

[49]
Underfull \vbox (badness 4608) has occurred while \output is active []

[50] [51]
Chapter 3.
[52

] [53] [54]
Underfull \vbox (badness 4608) has occurred while \output is active []

[55] [56] [57] [58]
Underfull \hbox (badness 10000) in paragraph at lines 864--884

 []

[59] [60] [61] [62] [63]
File: figure/Fig3_2.png Graphic file (type bmp)
<figure/Fig3_2.png>

Underfull \hbox (badness 10000) in paragraph at lines 976--1010

 []

[64] [65]
File: figure/Fig3_1.png Graphic file (type bmp)
<figure/Fig3_1.png>

Underfull \vbox (badness 6542) has occurred while \output is active []

[66]
Underfull \vbox (badness 1342) has occurred while \output is active []

[67]
File: figure/Fig3_3.png Graphic file (type bmp)
<figure/Fig3_3.png>
File: figure/Fig3_4.png Graphic file (type bmp)
<figure/Fig3_4.png>
[68] [69] [70] [71]
Underfull \hbox (badness 2418) in paragraph at lines 1110--1116
[]\TU/lmr/m/n/12 Our partitioning results highlight the potential difficulty in
 extending species-
 []

[72] [73] [74] [75] [76] [77]
Appendix A.
File: figure/AppFig1_1.png Graphic file (type bmp)
<figure/AppFig1_1.png>
File: figure/AppFig1_2.png Graphic file (type bmp)
<figure/AppFig1_2.png>
[78

] [79] [80] [81]
Appendix B.
File: figure/AppFig2_1.png Graphic file (type bmp)
<figure/AppFig2_1.png>
File: figure/AppFig2_2.png Graphic file (type bmp)
<figure/AppFig2_2.png>
File: figure/AppFig2_5.png Graphic file (type bmp)
<figure/AppFig2_5.png>
File: figure/AppFig2_3.png Graphic file (type bmp)
<figure/AppFig2_3.png>
File: figure/AppFig2_4.png Graphic file (type bmp)
<figure/AppFig2_4.png>
[82

] [83] [84] [85] [86] [87] [88] [89] [90]
Appendix C.

Underfull \vbox (badness 10000) has occurred while \output is active []

[91

]
Underfull \vbox (badness 10000) has occurred while \output is active []

[92]
File: figure/AppFig3_1.png Graphic file (type bmp)
<figure/AppFig3_1.png>
File: figure/AppFig3_2.png Graphic file (type bmp)
<figure/AppFig3_2.png>
File: figure/AppFig3_3.png Graphic file (type bmp)
<figure/AppFig3_3.png>
[93] [94] [95] [96]
Underfull \vbox (badness 10000) has occurred while \output is active []

[97


]
Underfull \vbox (badness 10000) has occurred while \output is active []

[98]
Underfull \vbox (badness 10000) has occurred while \output is active []

[99]
Underfull \vbox (badness 10000) has occurred while \output is active []

[100]
Underfull \vbox (badness 10000) has occurred while \output is active []

[101]
Underfull \vbox (badness 10000) has occurred while \output is active []

[102]
Underfull \vbox (badness 10000) has occurred while \output is active []

[103]
Underfull \vbox (badness 10000) has occurred while \output is active []

[104]
Underfull \vbox (badness 10000) has occurred while \output is active []

[105]
Underfull \vbox (badness 10000) has occurred while \output is active []

[106]
Underfull \vbox (badness 10000) has occurred while \output is active []

[107]
Underfull \vbox (badness 10000) has occurred while \output is active []

[108]
Underfull \vbox (badness 10000) has occurred while \output is active []

[109]
Underfull \vbox (badness 10000) has occurred while \output is active []

[110]
Underfull \vbox (badness 10000) has occurred while \output is active []

[111]
Underfull \vbox (badness 10000) has occurred while \output is active []

[112]
Underfull \vbox (badness 10000) has occurred while \output is active []

[113]
Underfull \vbox (badness 10000) has occurred while \output is active []

[114]
Underfull \vbox (badness 10000) has occurred while \output is active []

[115]
Underfull \vbox (badness 10000) has occurred while \output is active []

[116]
Underfull \vbox (badness 10000) has occurred while \output is active []

[117]
Underfull \vbox (badness 10000) has occurred while \output is active []

[118]
Underfull \vbox (badness 10000) has occurred while \output is active []

[119] [120] (./thesis.aux)
Package rerunfilecheck Info: File `thesis.out' has not changed.
(rerunfilecheck)             Checksum: 64E5EF50C282242586E89D63E78FAC75;1659.

LaTeX Warning: There were multiply-defined labels.

 ) 
Here is how much of TeX's memory you used:
 19253 strings out of 479441
 337368 string characters out of 5879416
 771338 words of memory out of 5000000
 38286 multiletter control sequences out of 15000+600000
 542661 words of font info for 76 fonts, out of 8000000 for 9000
 15 hyphenation exceptions out of 8191
 70i,12n,78p,1693b,582s stack positions out of 5000i,500n,10000p,200000b,80000s

Output written on thesis.pdf (137 pages).
