\BOOKMARK [0][-]{Doc-Start}{Abstract}{}% 1
\BOOKMARK [0][-]{chapter*.2}{List\040of\040Tables}{}% 2
\BOOKMARK [0][-]{chapter*.3}{List\040of\040Figures}{}% 3
\BOOKMARK [0][-]{chapter.1}{UCD\040thesis\040fields}{}% 4
\BOOKMARK [0][-]{chapter.2}{The\040``Neutral\040Theory''\040of\040Niche\040Dimensionality}{}% 5
\BOOKMARK [1][-]{section*.4}{Abstract}{chapter.2}% 6
\BOOKMARK [1][-]{section*.5}{Introduction}{chapter.2}% 7
\BOOKMARK [1][-]{section*.6}{Methods}{chapter.2}% 8
\BOOKMARK [1][-]{section*.8}{Results}{chapter.2}% 9
\BOOKMARK [1][-]{section*.15}{Discussion}{chapter.2}% 10
\BOOKMARK [0][-]{chapter.3}{Nitrogen\040enrichment\040has\040scale-dependent\040effects\040on\040plant\040diversity\040in\040California\040grasslands.}{}% 11
\BOOKMARK [0][-]{chapter.4}{Climate\040drives\040transitions\040between\040vegetation\040states\040in\040California\040grasslands.}{}% 12
\BOOKMARK [1][-]{section*.16}{Abstract}{chapter.4}% 13
\BOOKMARK [1][-]{section*.17}{Introduction}{chapter.4}% 14
\BOOKMARK [1][-]{section*.18}{Methods}{chapter.4}% 15
\BOOKMARK [1][-]{section*.19}{Results}{chapter.4}% 16
\BOOKMARK [1][-]{section*.20}{Discussion}{chapter.4}% 17
\BOOKMARK [0][-]{chapter*.21}{Conclusion}{}% 18
\BOOKMARK [0][-]{chapter.5}{Chapter\0401\040Supporting\040Information}{}% 19
\BOOKMARK [0][-]{chapter*.22}{References}{}% 20
